CRITICAL - 2023-03-30 22:50:18 --> The framework needs the following extension(s) installed and loaded: intl.
in SYSTEMPATH\CodeIgniter.php on line 226.
 1 SYSTEMPATH\CodeIgniter.php(226): CodeIgniter\Exceptions\FrameworkException::forMissingExtension('intl')
 2 SYSTEMPATH\CodeIgniter.php(190): CodeIgniter\CodeIgniter->resolvePlatformExtensions()
 3 ROOTPATH\spark(83): CodeIgniter\CodeIgniter->initialize()
ERROR - 2023-03-30 21:29:49 --> mysqli_sql_exception: You have an error in your SQL syntax; check the manual that corresponds to your MariaDB server version for the right syntax to use near '1 ON `id`' at line 1 in E:\Proyectos\UPN212TEZIUTLAN\evaldoc\system\Database\MySQLi\Connection.php:295
Stack trace:
#0 E:\Proyectos\UPN212TEZIUTLAN\evaldoc\system\Database\MySQLi\Connection.php(295): mysqli->query('DROP INDEX 1 ON...', 0)
#1 E:\Proyectos\UPN212TEZIUTLAN\evaldoc\system\Database\BaseConnection.php(691): CodeIgniter\Database\MySQLi\Connection->execute('DROP INDEX 1 ON...')
#2 E:\Proyectos\UPN212TEZIUTLAN\evaldoc\system\Database\BaseConnection.php(605): CodeIgniter\Database\BaseConnection->simpleQuery('DROP INDEX 1 ON...')
#3 E:\Proyectos\UPN212TEZIUTLAN\evaldoc\system\Database\MySQLi\Forge.php(247): CodeIgniter\Database\BaseConnection->query('DROP INDEX 1 ON...')
#4 E:\Proyectos\UPN212TEZIUTLAN\evaldoc\app\Database\Migrations\2023-03-24-170509_Perfil.php(26): CodeIgniter\Database\MySQLi\Forge->dropKey('id', '1')
#5 E:\Proyectos\UPN212TEZIUTLAN\evaldoc\system\Database\MigrationRunner.php(877): App\Database\Migrations\Perfil->down()
#6 E:\Proyectos\UPN212TEZIUTLAN\evaldoc\system\Database\MigrationRunner.php(299): CodeIgniter\Database\MigrationRunner->migrate('down', Object(stdClass))
#7 E:\Proyectos\UPN212TEZIUTLAN\evaldoc\system\Commands\Database\MigrateRollback.php(92): CodeIgniter\Database\MigrationRunner->regress(0)
#8 E:\Proyectos\UPN212TEZIUTLAN\evaldoc\system\CLI\Commands.php(65): CodeIgniter\Commands\Database\MigrateRollback->run(Array)
#9 E:\Proyectos\UPN212TEZIUTLAN\evaldoc\system\CLI\BaseCommand.php(114): CodeIgniter\CLI\Commands->run('migrate:rollbac...', Array)
#10 E:\Proyectos\UPN212TEZIUTLAN\evaldoc\system\Commands\Database\MigrateRefresh.php(84): CodeIgniter\CLI\BaseCommand->call('migrate:rollbac...', Array)
#11 E:\Proyectos\UPN212TEZIUTLAN\evaldoc\system\CLI\Commands.php(65): CodeIgniter\Commands\Database\MigrateRefresh->run(Array)
#12 E:\Proyectos\UPN212TEZIUTLAN\evaldoc\system\CLI\Console.php(37): CodeIgniter\CLI\Commands->run('migrate:refresh', Array)
#13 E:\Proyectos\UPN212TEZIUTLAN\evaldoc\spark(97): CodeIgniter\CLI\Console->run()
#14 {main}
ERROR - 2023-03-30 21:30:33 --> mysqli_sql_exception: You have an error in your SQL syntax; check the manual that corresponds to your MariaDB server version for the right syntax to use near '1 ON `id`' at line 1 in E:\Proyectos\UPN212TEZIUTLAN\evaldoc\system\Database\MySQLi\Connection.php:295
Stack trace:
#0 E:\Proyectos\UPN212TEZIUTLAN\evaldoc\system\Database\MySQLi\Connection.php(295): mysqli->query('DROP INDEX 1 ON...', 0)
#1 E:\Proyectos\UPN212TEZIUTLAN\evaldoc\system\Database\BaseConnection.php(691): CodeIgniter\Database\MySQLi\Connection->execute('DROP INDEX 1 ON...')
#2 E:\Proyectos\UPN212TEZIUTLAN\evaldoc\system\Database\BaseConnection.php(605): CodeIgniter\Database\BaseConnection->simpleQuery('DROP INDEX 1 ON...')
#3 E:\Proyectos\UPN212TEZIUTLAN\evaldoc\system\Database\MySQLi\Forge.php(247): CodeIgniter\Database\BaseConnection->query('DROP INDEX 1 ON...')
#4 E:\Proyectos\UPN212TEZIUTLAN\evaldoc\app\Database\Migrations\2023-03-24-170509_Perfil.php(26): CodeIgniter\Database\MySQLi\Forge->dropKey('id', '1')
#5 E:\Proyectos\UPN212TEZIUTLAN\evaldoc\system\Database\MigrationRunner.php(877): App\Database\Migrations\Perfil->down()
#6 E:\Proyectos\UPN212TEZIUTLAN\evaldoc\system\Database\MigrationRunner.php(299): CodeIgniter\Database\MigrationRunner->migrate('down', Object(stdClass))
#7 E:\Proyectos\UPN212TEZIUTLAN\evaldoc\system\Commands\Database\MigrateRollback.php(92): CodeIgniter\Database\MigrationRunner->regress(0)
#8 E:\Proyectos\UPN212TEZIUTLAN\evaldoc\system\CLI\Commands.php(65): CodeIgniter\Commands\Database\MigrateRollback->run(Array)
#9 E:\Proyectos\UPN212TEZIUTLAN\evaldoc\system\CLI\BaseCommand.php(114): CodeIgniter\CLI\Commands->run('migrate:rollbac...', Array)
#10 E:\Proyectos\UPN212TEZIUTLAN\evaldoc\system\Commands\Database\MigrateRefresh.php(84): CodeIgniter\CLI\BaseCommand->call('migrate:rollbac...', Array)
#11 E:\Proyectos\UPN212TEZIUTLAN\evaldoc\system\CLI\Commands.php(65): CodeIgniter\Commands\Database\MigrateRefresh->run(Array)
#12 E:\Proyectos\UPN212TEZIUTLAN\evaldoc\system\CLI\Console.php(37): CodeIgniter\CLI\Commands->run('migrate:refresh', Array)
#13 E:\Proyectos\UPN212TEZIUTLAN\evaldoc\spark(97): CodeIgniter\CLI\Console->run()
#14 {main}
ERROR - 2023-03-30 21:33:06 --> mysqli_sql_exception: Can't DROP INDEX `id`; check that it exists in E:\Proyectos\UPN212TEZIUTLAN\evaldoc\system\Database\MySQLi\Connection.php:295
Stack trace:
#0 E:\Proyectos\UPN212TEZIUTLAN\evaldoc\system\Database\MySQLi\Connection.php(295): mysqli->query('DROP INDEX `id`...', 0)
#1 E:\Proyectos\UPN212TEZIUTLAN\evaldoc\system\Database\BaseConnection.php(691): CodeIgniter\Database\MySQLi\Connection->execute('DROP INDEX `id`...')
#2 E:\Proyectos\UPN212TEZIUTLAN\evaldoc\system\Database\BaseConnection.php(605): CodeIgniter\Database\BaseConnection->simpleQuery('DROP INDEX `id`...')
#3 E:\Proyectos\UPN212TEZIUTLAN\evaldoc\system\Database\MySQLi\Forge.php(247): CodeIgniter\Database\BaseConnection->query('DROP INDEX `id`...')
#4 E:\Proyectos\UPN212TEZIUTLAN\evaldoc\app\Database\Migrations\2023-03-30-212204_DatosLaborales.php(27): CodeIgniter\Database\MySQLi\Forge->dropKey('datoslaborales', 'id')
#5 E:\Proyectos\UPN212TEZIUTLAN\evaldoc\system\Database\MigrationRunner.php(877): App\Database\Migrations\DatosLaborales->down()
#6 E:\Proyectos\UPN212TEZIUTLAN\evaldoc\system\Database\MigrationRunner.php(299): CodeIgniter\Database\MigrationRunner->migrate('down', Object(stdClass))
#7 E:\Proyectos\UPN212TEZIUTLAN\evaldoc\system\Commands\Database\MigrateRollback.php(92): CodeIgniter\Database\MigrationRunner->regress(0)
#8 E:\Proyectos\UPN212TEZIUTLAN\evaldoc\system\CLI\Commands.php(65): CodeIgniter\Commands\Database\MigrateRollback->run(Array)
#9 E:\Proyectos\UPN212TEZIUTLAN\evaldoc\system\CLI\BaseCommand.php(114): CodeIgniter\CLI\Commands->run('migrate:rollbac...', Array)
#10 E:\Proyectos\UPN212TEZIUTLAN\evaldoc\system\Commands\Database\MigrateRefresh.php(84): CodeIgniter\CLI\BaseCommand->call('migrate:rollbac...', Array)
#11 E:\Proyectos\UPN212TEZIUTLAN\evaldoc\system\CLI\Commands.php(65): CodeIgniter\Commands\Database\MigrateRefresh->run(Array)
#12 E:\Proyectos\UPN212TEZIUTLAN\evaldoc\system\CLI\Console.php(37): CodeIgniter\CLI\Commands->run('migrate:refresh', Array)
#13 E:\Proyectos\UPN212TEZIUTLAN\evaldoc\spark(97): CodeIgniter\CLI\Console->run()
#14 {main}
ERROR - 2023-03-30 21:43:39 --> mysqli_sql_exception: Can't DROP INDEX `id`; check that it exists in E:\Proyectos\UPN212TEZIUTLAN\evaldoc\system\Database\MySQLi\Connection.php:295
Stack trace:
#0 E:\Proyectos\UPN212TEZIUTLAN\evaldoc\system\Database\MySQLi\Connection.php(295): mysqli->query('DROP INDEX `id`...', 0)
#1 E:\Proyectos\UPN212TEZIUTLAN\evaldoc\system\Database\BaseConnection.php(691): CodeIgniter\Database\MySQLi\Connection->execute('DROP INDEX `id`...')
#2 E:\Proyectos\UPN212TEZIUTLAN\evaldoc\system\Database\BaseConnection.php(605): CodeIgniter\Database\BaseConnection->simpleQuery('DROP INDEX `id`...')
#3 E:\Proyectos\UPN212TEZIUTLAN\evaldoc\system\Database\MySQLi\Forge.php(247): CodeIgniter\Database\BaseConnection->query('DROP INDEX `id`...')
#4 E:\Proyectos\UPN212TEZIUTLAN\evaldoc\app\Database\Migrations\2023-03-30-212204_DatosLaborales.php(27): CodeIgniter\Database\MySQLi\Forge->dropKey('datoslaborales', 'id')
#5 E:\Proyectos\UPN212TEZIUTLAN\evaldoc\system\Database\MigrationRunner.php(877): App\Database\Migrations\DatosLaborales->down()
#6 E:\Proyectos\UPN212TEZIUTLAN\evaldoc\system\Database\MigrationRunner.php(299): CodeIgniter\Database\MigrationRunner->migrate('down', Object(stdClass))
#7 E:\Proyectos\UPN212TEZIUTLAN\evaldoc\system\Commands\Database\MigrateRollback.php(92): CodeIgniter\Database\MigrationRunner->regress(0)
#8 E:\Proyectos\UPN212TEZIUTLAN\evaldoc\system\CLI\Commands.php(65): CodeIgniter\Commands\Database\MigrateRollback->run(Array)
#9 E:\Proyectos\UPN212TEZIUTLAN\evaldoc\system\CLI\BaseCommand.php(114): CodeIgniter\CLI\Commands->run('migrate:rollbac...', Array)
#10 E:\Proyectos\UPN212TEZIUTLAN\evaldoc\system\Commands\Database\MigrateRefresh.php(84): CodeIgniter\CLI\BaseCommand->call('migrate:rollbac...', Array)
#11 E:\Proyectos\UPN212TEZIUTLAN\evaldoc\system\CLI\Commands.php(65): CodeIgniter\Commands\Database\MigrateRefresh->run(Array)
#12 E:\Proyectos\UPN212TEZIUTLAN\evaldoc\system\CLI\Console.php(37): CodeIgniter\CLI\Commands->run('migrate:refresh', Array)
#13 E:\Proyectos\UPN212TEZIUTLAN\evaldoc\spark(97): CodeIgniter\CLI\Console->run()
#14 {main}
ERROR - 2023-03-30 21:44:51 --> mysqli_sql_exception: Can't DROP INDEX `id`; check that it exists in E:\Proyectos\UPN212TEZIUTLAN\evaldoc\system\Database\MySQLi\Connection.php:295
Stack trace:
#0 E:\Proyectos\UPN212TEZIUTLAN\evaldoc\system\Database\MySQLi\Connection.php(295): mysqli->query('DROP INDEX `id`...', 0)
#1 E:\Proyectos\UPN212TEZIUTLAN\evaldoc\system\Database\BaseConnection.php(691): CodeIgniter\Database\MySQLi\Connection->execute('DROP INDEX `id`...')
#2 E:\Proyectos\UPN212TEZIUTLAN\evaldoc\system\Database\BaseConnection.php(605): CodeIgniter\Database\BaseConnection->simpleQuery('DROP INDEX `id`...')
#3 E:\Proyectos\UPN212TEZIUTLAN\evaldoc\system\Database\MySQLi\Forge.php(247): CodeIgniter\Database\BaseConnection->query('DROP INDEX `id`...')
#4 E:\Proyectos\UPN212TEZIUTLAN\evaldoc\app\Database\Migrations\2023-03-30-212204_DatosLaborales.php(27): CodeIgniter\Database\MySQLi\Forge->dropKey('datoslaborales', 'id')
#5 E:\Proyectos\UPN212TEZIUTLAN\evaldoc\system\Database\MigrationRunner.php(877): App\Database\Migrations\DatosLaborales->down()
#6 E:\Proyectos\UPN212TEZIUTLAN\evaldoc\system\Database\MigrationRunner.php(299): CodeIgniter\Database\MigrationRunner->migrate('down', Object(stdClass))
#7 E:\Proyectos\UPN212TEZIUTLAN\evaldoc\system\Commands\Database\MigrateRollback.php(92): CodeIgniter\Database\MigrationRunner->regress(0)
#8 E:\Proyectos\UPN212TEZIUTLAN\evaldoc\system\CLI\Commands.php(65): CodeIgniter\Commands\Database\MigrateRollback->run(Array)
#9 E:\Proyectos\UPN212TEZIUTLAN\evaldoc\system\CLI\BaseCommand.php(114): CodeIgniter\CLI\Commands->run('migrate:rollbac...', Array)
#10 E:\Proyectos\UPN212TEZIUTLAN\evaldoc\system\Commands\Database\MigrateRefresh.php(84): CodeIgniter\CLI\BaseCommand->call('migrate:rollbac...', Array)
#11 E:\Proyectos\UPN212TEZIUTLAN\evaldoc\system\CLI\Commands.php(65): CodeIgniter\Commands\Database\MigrateRefresh->run(Array)
#12 E:\Proyectos\UPN212TEZIUTLAN\evaldoc\system\CLI\Console.php(37): CodeIgniter\CLI\Commands->run('migrate:refresh', Array)
#13 E:\Proyectos\UPN212TEZIUTLAN\evaldoc\spark(97): CodeIgniter\CLI\Console->run()
#14 {main}
ERROR - 2023-03-30 21:45:29 --> mysqli_sql_exception: You have an error in your SQL syntax; check the manual that corresponds to your MariaDB server version for the right syntax to use near '1 ON `id`' at line 1 in E:\Proyectos\UPN212TEZIUTLAN\evaldoc\system\Database\MySQLi\Connection.php:295
Stack trace:
#0 E:\Proyectos\UPN212TEZIUTLAN\evaldoc\system\Database\MySQLi\Connection.php(295): mysqli->query('DROP INDEX 1 ON...', 0)
#1 E:\Proyectos\UPN212TEZIUTLAN\evaldoc\system\Database\BaseConnection.php(691): CodeIgniter\Database\MySQLi\Connection->execute('DROP INDEX 1 ON...')
#2 E:\Proyectos\UPN212TEZIUTLAN\evaldoc\system\Database\BaseConnection.php(605): CodeIgniter\Database\BaseConnection->simpleQuery('DROP INDEX 1 ON...')
#3 E:\Proyectos\UPN212TEZIUTLAN\evaldoc\system\Database\MySQLi\Forge.php(247): CodeIgniter\Database\BaseConnection->query('DROP INDEX 1 ON...')
#4 E:\Proyectos\UPN212TEZIUTLAN\evaldoc\app\Database\Migrations\2023-03-24-170509_Perfil.php(26): CodeIgniter\Database\MySQLi\Forge->dropKey('id', '1')
#5 E:\Proyectos\UPN212TEZIUTLAN\evaldoc\system\Database\MigrationRunner.php(877): App\Database\Migrations\Perfil->down()
#6 E:\Proyectos\UPN212TEZIUTLAN\evaldoc\system\Database\MigrationRunner.php(299): CodeIgniter\Database\MigrationRunner->migrate('down', Object(stdClass))
#7 E:\Proyectos\UPN212TEZIUTLAN\evaldoc\system\Commands\Database\MigrateRollback.php(92): CodeIgniter\Database\MigrationRunner->regress(0)
#8 E:\Proyectos\UPN212TEZIUTLAN\evaldoc\system\CLI\Commands.php(65): CodeIgniter\Commands\Database\MigrateRollback->run(Array)
#9 E:\Proyectos\UPN212TEZIUTLAN\evaldoc\system\CLI\BaseCommand.php(114): CodeIgniter\CLI\Commands->run('migrate:rollbac...', Array)
#10 E:\Proyectos\UPN212TEZIUTLAN\evaldoc\system\Commands\Database\MigrateRefresh.php(84): CodeIgniter\CLI\BaseCommand->call('migrate:rollbac...', Array)
#11 E:\Proyectos\UPN212TEZIUTLAN\evaldoc\system\CLI\Commands.php(65): CodeIgniter\Commands\Database\MigrateRefresh->run(Array)
#12 E:\Proyectos\UPN212TEZIUTLAN\evaldoc\system\CLI\Console.php(37): CodeIgniter\CLI\Commands->run('migrate:refresh', Array)
#13 E:\Proyectos\UPN212TEZIUTLAN\evaldoc\spark(97): CodeIgniter\CLI\Console->run()
#14 {main}
